[debug] [2023-04-17T12:09:47.468Z] ----------------------------------------------------------------------
[debug] [2023-04-17T12:09:47.472Z] Command:       C:\Program Files\nodejs\node.exe C:\Program Files\nodejs\node_modules\firebase-tools\lib\bin\firebase.js init
[debug] [2023-04-17T12:09:47.473Z] CLI Version:   11.21.0
[debug] [2023-04-17T12:09:47.473Z] Platform:      win32
[debug] [2023-04-17T12:09:47.474Z] Node Version:  v18.8.0
[debug] [2023-04-17T12:09:47.475Z] Time:          Mon Apr 17 2023 13:09:47 GMT+0100 (West Africa Standard Time)
[debug] [2023-04-17T12:09:47.476Z] ----------------------------------------------------------------------
[debug] 
[debug] [2023-04-17T12:09:47.532Z] >>> [apiv2][query] GET https://firebase-public.firebaseio.com/cli.json [none]
[debug] [2023-04-17T12:09:47.617Z] > command requires scopes: ["email","openid","https://www.googleapis.com/auth/cloudplatformprojects.readonly","https://www.googleapis.com/auth/firebase","https://www.googleapis.com/auth/cloud-platform"]
[debug] [2023-04-17T12:09:47.618Z] > authorizing via signed-in user (chisomisiekwene57@gmail.com)
[info] 
     ######## #### ########  ######## ########     ###     ######  ########
     ##        ##  ##     ## ##       ##     ##  ##   ##  ##       ##
     ######    ##  ########  ######   ########  #########  ######  ######
     ##        ##  ##    ##  ##       ##     ## ##     ##       ## ##
     ##       #### ##     ## ######## ########  ##     ##  ######  ########

You're about to initialize a Firebase project in this directory:

  C:\Users\Som\Desktop\web dev learning\IT\kuda landing page\kuda

[debug] [2023-04-17T12:09:48.887Z] <<< [apiv2][status] GET https://firebase-public.firebaseio.com/cli.json 200
[debug] [2023-04-17T12:09:48.888Z] <<< [apiv2][body] GET https://firebase-public.firebaseio.com/cli.json {"cloudBuildErrorAfter":1594252800000,"cloudBuildWarnAfter":1590019200000,"defaultNode10After":1594252800000,"minVersion":"3.0.5","node8DeploysDisabledAfter":1613390400000,"node8RuntimeDisabledAfter":1615809600000,"node8WarnAfter":1600128000000}
[info] 
=== Project Setup
[info] 
[info] First, let's associate this project directory with a Firebase project.
[info] You can create multiple project aliases by running firebase use --add, 
[info] but for now we'll just set up a default project.
[info] 
[debug] [2023-04-17T12:11:02.237Z] > refreshing access token with scopes: []
[debug] [2023-04-17T12:11:02.241Z] >>> [apiv2][query] POST https://www.googleapis.com/oauth2/v3/token [none]
[debug] [2023-04-17T12:11:02.241Z] >>> [apiv2][body] POST https://www.googleapis.com/oauth2/v3/token [omitted]
[debug] [2023-04-17T12:11:02.798Z] <<< [apiv2][status] POST https://www.googleapis.com/oauth2/v3/token 200
[debug] [2023-04-17T12:11:02.798Z] <<< [apiv2][body] POST https://www.googleapis.com/oauth2/v3/token [omitted]
[debug] [2023-04-17T12:11:02.908Z] >>> [apiv2][query] GET https://firebase.googleapis.com/v1beta1/projects pageSize=100
[debug] [2023-04-17T12:11:03.823Z] <<< [apiv2][status] GET https://firebase.googleapis.com/v1beta1/projects 200
[debug] [2023-04-17T12:11:03.823Z] <<< [apiv2][body] GET https://firebase.googleapis.com/v1beta1/projects [omitted]
[info] i  Using project kuda-cloned-website (kuda cloned website) 
[info] 
=== Database Setup
[info] i  database: ensuring required API firebasedatabase.googleapis.com is enabled... 
[debug] [2023-04-17T12:11:07.888Z] >>> [apiv2][query] GET https://serviceusage.googleapis.com/v1/projects/kuda-cloned-website/services/firebasedatabase.googleapis.com [none]
[debug] [2023-04-17T12:11:07.888Z] >>> [apiv2][(partial)header] GET https://serviceusage.googleapis.com/v1/projects/kuda-cloned-website/services/firebasedatabase.googleapis.com x-goog-quota-user=projects/kuda-cloned-website
[debug] [2023-04-17T12:11:09.301Z] <<< [apiv2][status] GET https://serviceusage.googleapis.com/v1/projects/kuda-cloned-website/services/firebasedatabase.googleapis.com 200
[debug] [2023-04-17T12:11:09.302Z] <<< [apiv2][body] GET https://serviceusage.googleapis.com/v1/projects/kuda-cloned-website/services/firebasedatabase.googleapis.com [omitted]
[warn] !  database: missing required API firebasedatabase.googleapis.com. Enabling now... 
[debug] [2023-04-17T12:11:09.303Z] >>> [apiv2][query] POST https://serviceusage.googleapis.com/v1/projects/kuda-cloned-website/services/firebasedatabase.googleapis.com:enable [none]
[debug] [2023-04-17T12:11:09.304Z] >>> [apiv2][(partial)header] POST https://serviceusage.googleapis.com/v1/projects/kuda-cloned-website/services/firebasedatabase.googleapis.com:enable x-goog-quota-user=projects/kuda-cloned-website
[debug] [2023-04-17T12:11:11.081Z] <<< [apiv2][status] POST https://serviceusage.googleapis.com/v1/projects/kuda-cloned-website/services/firebasedatabase.googleapis.com:enable 200
[debug] [2023-04-17T12:11:11.081Z] <<< [apiv2][body] POST https://serviceusage.googleapis.com/v1/projects/kuda-cloned-website/services/firebasedatabase.googleapis.com:enable [omitted]
[debug] [2023-04-17T12:11:21.084Z] >>> [apiv2][query] GET https://serviceusage.googleapis.com/v1/projects/kuda-cloned-website/services/firebasedatabase.googleapis.com [none]
[debug] [2023-04-17T12:11:21.084Z] >>> [apiv2][(partial)header] GET https://serviceusage.googleapis.com/v1/projects/kuda-cloned-website/services/firebasedatabase.googleapis.com x-goog-quota-user=projects/kuda-cloned-website
[debug] [2023-04-17T12:11:22.266Z] <<< [apiv2][status] GET https://serviceusage.googleapis.com/v1/projects/kuda-cloned-website/services/firebasedatabase.googleapis.com 200
[debug] [2023-04-17T12:11:22.266Z] <<< [apiv2][body] GET https://serviceusage.googleapis.com/v1/projects/kuda-cloned-website/services/firebasedatabase.googleapis.com [omitted]
[info] +  database: required API firebasedatabase.googleapis.com is enabled 
[info] 
[debug] [2023-04-17T12:11:22.275Z] >>> [apiv2][query] GET https://firebase.googleapis.com/v1beta1/projects/kuda-cloned-website [none]
[debug] [2023-04-17T12:11:22.886Z] <<< [apiv2][status] GET https://firebase.googleapis.com/v1beta1/projects/kuda-cloned-website 200
[debug] [2023-04-17T12:11:22.886Z] <<< [apiv2][body] GET https://firebase.googleapis.com/v1beta1/projects/kuda-cloned-website {"projectId":"kuda-cloned-website","projectNumber":"262151465952","displayName":"kuda cloned website","name":"projects/kuda-cloned-website","resources":{"hostingSite":"kuda-cloned-website"},"state":"ACTIVE","etag":"1_fd20168f-df06-4b0e-94b2-2d0c2620fb8d"}
